<?xml version="1.0" encoding="UTF-8"?>
<!-- Generated by org.testng.reporters.JUnitReportReporter -->
<testsuite hostname="DESKTOP-74IU6CQ" failures="0" tests="2" name="org.sample.Mdap" time="11.933" errors="0" timestamp="2023-09-25T17:07:46 IST" skipped="0">
  <testcase classname="org.sample.Mdap" name="rlsSearch" time="3.287"/>
  <system-out/>
  <testcase classname="org.sample.Mdap" name="login" time="8.646"/>
  <system-out/>
</testsuite> <!-- org.sample.Mdap -->
